# SSL/TLS secrets log file, generated by NSS
CLIENT_RANDOM 3fb2cf3c85d9471254bdeebdd15e35b5bfb98525ad765cc5c51d8507ea597f17 78e0e8ed7e6ec13bd278344ae7b54a7c3b4069fcaab5c41c7028cf69b7f4d149472e206bc3aec4433682c96149d0032e
CLIENT_RANDOM 18cfc9f9f22018bfae3355acaca0fd557b0663752de0a139b41461b6dd278386 9ea6fa3c2004933714cdd33958c47434ba21d57abaac827aff2b8278eafa77e3f190e8d215ad97881970a8d8446dac0a
CLIENT_RANDOM f968c98141982c7e88dda66400cffe410ff01cf27d09ecbddebcae8bf6032ecd 680ed53cb3c1bf91cd5b58ef11e575defe3ad608a2b4fc08ff43d4ed0a144f88158135aa362f2fe5970b5f44cfb1d85b
CLIENT_RANDOM df06274bec7ccc411282bebfe64f9bfb9f3f3a3250bbf139ce35ff603e1b4f65 60e1f0146f84477851199dccf20c204b83cd92d3791cc15de268a0dd606799994d5cb6bcf683b2652960376bb6e65dd6
CLIENT_RANDOM a654b33317f59640215167b112c11eab8b299bde3ee3c4e264e1947d6366109d 2d1f26e16f14d364d942e03cb86fb218a291405578f506d758159b7a3c9ba38cbad11a46fb1aab397b1f4bff80b35731
CLIENT_RANDOM 23da731d72ca6d02fc182383f274c2dc7b02903cda8c80a68a95d69bdc0d84ac 5b41e242017718b41c62f431d80311e0d5be4152900032506f2a96ab5598e8848cf902b1db663fe669e32d3c2e84a17d
CLIENT_RANDOM d57aca3438f131e96524ed7355b9c9abab6a1b392bd81be98b56b3dc4c5886b9 22c84003c8af2d7528a9a2711ac9417d68ff866dbd95fce0e31f033071e889c874fc1fb1f2e3fe4d1970f16009079936
CLIENT_RANDOM eaba2ab12a4b3312da88a244beab1db493687d7946ff2583e6960d2d4d2ba9b6 04a1b54e353b28afcb64e1380d3c049a9662f53340b1fb91a0734287cd92327a0cb4da8d5bb3148b3873bd2fb00fd7e5
CLIENT_RANDOM 4800c1d2126559f3e610ae217f0c5fa99a123a9a4f0232a7352f9a315ed6b9d7 a3f2325ff9f8606d33d4fd8ae2bf3e0f63ac7977e0829a494d1f88ed74173aa69455866c8b58ac714c84d950be3a130b
CLIENT_RANDOM 187ed56c312cab9fce0a3540e06d3e427885ed3ed94b8338ba3ab53a3ffba855 04a1b54e353b28afcb64e1380d3c049a9662f53340b1fb91a0734287cd92327a0cb4da8d5bb3148b3873bd2fb00fd7e5




# Extraction depuis Wireshark mais pas bon :P

# client random num
eaba2ab1 2a4b3312da88a244beab1db493687d7946ff2583e6960d2d4d2ba9b6

# srv random num
26bfff9c 10b13f216ee27552f8cf36373085718f8caed37f1fa88242ceff47c1

# client pre-master :
0450bce7caa29bcd10ccb3c32d89f1c60b1ac1a92a923fa053c052cdf4e53fb4121317bb07ccb53b1390d94b136cb044413284ed7b37002b7873e7ccd00babcc9e


0450bce7caa29bcd10ccb3c32d89f1c60b1ac1a92a923fa053c052cdf4e53fb4121317bb07ccb53b1390d94b136cb044413284ed7b37002b7873e7ccd00babcc9e


c555dccf39e997382864ce1338920d95d4ddfaa5f61b28a74100025431c9df1218e748d58e3c64f48673b23e1aca0eb366170c262d8441425f249f70aa81e9e06678e924f05ba565c719342fecfc2732dae802adcdea2da5a259f87633c36e88e1e8c872572ea48236ce4140b4a7abffe1f713f51f3e5282a4f085b7d66bb51d251deee553ba8a23ef432eab147eb5b5c077c9b07606710e3c839352fb37dbbc34ec7ab05ac16478d31f48a89ad60323a7bb362c8424b18baebad6929c61b81b
